<?xml version="1.0" encoding="UTF-8" ?>
<testsuite tests="11" failures="0" name="service.ProductServiceTest" time="0.006" errors="0" skipped="0">
  <properties>
    <property name="java.runtime.name" value="Java(TM) SE Runtime Environment"/>
    <property name="java.vm.version" value="15+36-1562"/>
    <property name="sun.boot.library.path" value="D:\Programy\Java\bin"/>
    <property name="maven.multiModuleProjectDirectory" value="D:\Projekty\Java\Sklep_maven"/>
    <property name="java.vm.vendor" value="Oracle Corporation"/>
    <property name="java.vendor.url" value="https://java.oracle.com/"/>
    <property name="guice.disable.misplaced.annotation.check" value="true"/>
    <property name="path.separator" value=";"/>
    <property name="java.vm.name" value="Java HotSpot(TM) 64-Bit Server VM"/>
    <property name="sun.os.patch.level" value=""/>
    <property name="user.script" value=""/>
    <property name="user.country" value="PL"/>
    <property name="sun.java.launcher" value="SUN_STANDARD"/>
    <property name="java.vm.specification.name" value="Java Virtual Machine Specification"/>
    <property name="user.dir" value="D:\Projekty\Java\Sklep_maven"/>
    <property name="java.vm.compressedOopsMode" value="Zero based"/>
    <property name="java.runtime.version" value="15+36-1562"/>
    <property name="os.arch" value="amd64"/>
    <property name="java.io.tmpdir" value="C:\Users\Damian\AppData\Local\Temp\"/>
    <property name="line.separator" value="
"/>
    <property name="java.vm.specification.vendor" value="Oracle Corporation"/>
    <property name="user.variant" value=""/>
    <property name="os.name" value="Windows 10"/>
    <property name="classworlds.conf" value="D:\Programy\Maven\bin\..\bin\m2.conf"/>
    <property name="sun.jnu.encoding" value="Cp1250"/>
    <property name="java.library.path" value="D:\Programy\Java\bin;C:\Windows\Sun\Java\bin;C:\Windows\system32;C:\Windows;C:\Windows;C:\Windows;C:\Program Files\Common Files\Oracle\Java\javapath;C:\Windows\system32;C:\Windows;C:\Windows\System32\Wbem;C:\Windows\System32\WindowsPowerShell\v1.0\;C:\Windows\System32\OpenSSH\;C:\Program Files (x86)\NVIDIA Corporation\PhysX\Common;C:\Program Files\dotnet\;D:\Programy\Java\bin;D:\Programy\Git\cmd;C:\Windows;C:\Program Files\Common Files\Oracle\Java\javapath;C:\Windows\system32;C:\Windows;C:\Windows\System32\Wbem;C:\Windows\System32\WindowsPowerShell\v1.0\;C:\Windows\System32\OpenSSH\;C:\Program Files (x86)\NVIDIA Corporation\PhysX\Common;C:\Program Files\dotnet\;D:\Programy\Java\bin;D:\Programy\Git\cmd;C:\Users\Damian\AppData\Local\Microsoft\WindowsApps;D:\Programy\Git\bin;D:\Programy\Maven\bin;;."/>
    <property name="maven.conf" value="D:\Programy\Maven\bin\../conf"/>
    <property name="jdk.debug" value="release"/>
    <property name="java.class.version" value="59.0"/>
    <property name="java.specification.name" value="Java Platform API Specification"/>
    <property name="sun.management.compiler" value="HotSpot 64-Bit Tiered Compilers"/>
    <property name="os.version" value="10.0"/>
    <property name="library.jansi.path" value="D:\Programy\Maven\bin\..\lib\jansi-native"/>
    <property name="user.home" value="C:\Users\Damian"/>
    <property name="user.timezone" value="Europe/Warsaw"/>
    <property name="file.encoding" value="Cp1250"/>
    <property name="java.specification.version" value="15"/>
    <property name="user.name" value="Damian"/>
    <property name="java.class.path" value="D:\Programy\Maven\bin\..\boot\plexus-classworlds-2.6.0.jar"/>
    <property name="java.vm.specification.version" value="15"/>
    <property name="sun.arch.data.model" value="64"/>
    <property name="sun.java.command" value="org.codehaus.plexus.classworlds.launcher.Launcher install"/>
    <property name="java.home" value="D:\Programy\Java"/>
    <property name="user.language" value="pl"/>
    <property name="java.specification.vendor" value="Oracle Corporation"/>
    <property name="java.vm.info" value="mixed mode, sharing"/>
    <property name="java.version" value="15"/>
    <property name="java.vendor" value="Oracle Corporation"/>
    <property name="sun.stderr.encoding" value="cp852"/>
    <property name="maven.home" value="D:\Programy\Maven\bin\.."/>
    <property name="file.separator" value="\"/>
    <property name="java.version.date" value="2020-09-15"/>
    <property name="java.vendor.url.bug" value="https://bugreport.java.com/bugreport/"/>
    <property name="sun.io.unicode.encoding" value="UnicodeLittle"/>
    <property name="sun.cpu.endian" value="little"/>
    <property name="sun.stdout.encoding" value="cp852"/>
    <property name="sun.cpu.isalist" value="amd64"/>
  </properties>
  <testcase classname="service.ProductServiceTest" name="testGetProductNameExist" time="0.006"/>
  <testcase classname="service.ProductServiceTest" name="testIsProductExistByNameFalse" time="0"/>
  <testcase classname="service.ProductServiceTest" name="testIsProductExistByNameTrue" time="0"/>
  <testcase classname="service.ProductServiceTest" name="testIsProductOnWarehouseWhenIs" time="0"/>
  <testcase classname="service.ProductServiceTest" name="testIsProductOnWarehouseWhenNotIs" time="0"/>
  <testcase classname="service.ProductServiceTest" name="testIsProductExistByIdTrue" time="0"/>
  <testcase classname="service.ProductServiceTest" name="testGetCountProductsWithoutProducts" time="0"/>
  <testcase classname="service.ProductServiceTest" name="testGetCountProductsWithProducts" time="0"/>
  <testcase classname="service.ProductServiceTest" name="testGetProductNameNotExist" time="0"/>
  <testcase classname="service.ProductServiceTest" name="testIsProductExistByIdFalse" time="0"/>
  <testcase classname="service.ProductServiceTest" name="testGetAllProducts" time="0"/>
</testsuite>